<?xml version="1.0" encoding="UTF-8"?><testsuite errors="0" failures="0" name="Realizar tres tipos de busquedas en la pagina de panamericana.com.co" skipped="0" tests="3" time="114.57" timestamp="2022-02-16 07:03:20"><testcase name="Realizar busqueda por medio de la barra de busqueda de la pagina de panamericana.com.co"/><testcase name="Realizar busqueda por medio de la seleccion de categorias destacadas de la pagina panamericana.com.co"/><testcase name="Realizar busqueda de producto por medio de la opcion menu de la pagina panamericana.com.co"/></testsuite>